This is pdfTeX, Version 3.1415926-2.3-1.40.12 (MiKTeX 2.9) (preloaded format=pdflatex 2011.8.12)  31 AUG 2011 10:51
entering extended mode
**PRIMEPaper2011.tex
("C:\Users\Adrian\Documents\UCSD\PRIME\latex stuff\PRIMEPaper2011.tex"
LaTeX2e <2009/09/24>
Babel <v3.8l> and hyphenation patterns for english, afrikaans, ancientgreek, ar
abic, armenian, assamese, basque, bengali, bokmal, bulgarian, catalan, coptic, 
croatian, czech, danish, dutch, esperanto, estonian, farsi, finnish, french, ga
lician, german, german-x-2009-06-19, greek, gujarati, hindi, hungarian, iceland
ic, indonesian, interlingua, irish, italian, kannada, kurmanji, lao, latin, lat
vian, lithuanian, malayalam, marathi, mongolian, mongolianlmc, monogreek, ngerm
an, ngerman-x-2009-06-19, nynorsk, oriya, panjabi, pinyin, polish, portuguese, 
romanian, russian, sanskrit, serbian, slovak, slovenian, spanish, swedish, swis
sgerman, tamil, telugu, turkish, turkmen, ukenglish, ukrainian, uppersorbian, u
senglishmax, welsh, loaded.
("C:\Program Files\MiKTeX 2.9\tex\latex\base\article.cls"
Document Class: article 2007/10/19 v1.4h Standard LaTeX document class
("C:\Program Files\MiKTeX 2.9\tex\latex\base\size12.clo"
File: size12.clo 2007/10/19 v1.4h Standard LaTeX file (size option)
)
\c@part=\count79
\c@section=\count80
\c@subsection=\count81
\c@subsubsection=\count82
\c@paragraph=\count83
\c@subparagraph=\count84
\c@figure=\count85
\c@table=\count86
\abovecaptionskip=\skip41
\belowcaptionskip=\skip42
\bibindent=\dimen102
)
("C:\Program Files\MiKTeX 2.9\tex\latex\graphics\graphicx.sty"
Package: graphicx 1999/02/16 v1.0f Enhanced LaTeX Graphics (DPC,SPQR)

("C:\Program Files\MiKTeX 2.9\tex\latex\graphics\keyval.sty"
Package: keyval 1999/03/16 v1.13 key=value parser (DPC)
\KV@toks@=\toks14
)
("C:\Program Files\MiKTeX 2.9\tex\latex\graphics\graphics.sty"
Package: graphics 2009/02/05 v1.0o Standard LaTeX Graphics (DPC,SPQR)

("C:\Program Files\MiKTeX 2.9\tex\latex\graphics\trig.sty"
Package: trig 1999/03/16 v1.09 sin cos tan (DPC)
)
("C:\Program Files\MiKTeX 2.9\tex\latex\00miktex\graphics.cfg"
File: graphics.cfg 2007/01/18 v1.5 graphics configuration of teTeX/TeXLive
)
Package graphics Info: Driver file: pdftex.def on input line 91.

("C:\Program Files\MiKTeX 2.9\tex\latex\pdftex-def\pdftex.def"
File: pdftex.def 2011/05/27 v0.06d Graphics/color for pdfTeX

("C:\Program Files\MiKTeX 2.9\tex\generic\oberdiek\infwarerr.sty"
Package: infwarerr 2010/04/08 v1.3 Providing info/warning/message (HO)
)
("C:\Program Files\MiKTeX 2.9\tex\generic\oberdiek\ltxcmds.sty"
Package: ltxcmds 2011/04/18 v1.20 LaTeX kernel commands for general use (HO)
)
\Gread@gobject=\count87
))
\Gin@req@height=\dimen103
\Gin@req@width=\dimen104
)
("C:\Program Files\MiKTeX 2.9\tex\latex\caption\caption.sty"
Package: caption 2011/08/18 v3.2b Customizing captions (AR)

("C:\Program Files\MiKTeX 2.9\tex\latex\caption\caption3.sty"
Package: caption3 2011/08/18 v1.3b caption3 kernel (AR)
\captionmargin=\dimen105
\captionmargin@=\dimen106
\captionwidth=\dimen107
\caption@indent=\dimen108
\caption@parindent=\dimen109
\caption@hangindent=\dimen110
)
\c@ContinuedFloat=\count88
)
("C:\Program Files\MiKTeX 2.9\tex\latex\subfig\subfig.sty"
Package: subfig 2005/06/28 ver: 1.3 subfig package
\c@KVtest=\count89
\sf@farskip=\skip43
\sf@captopadj=\dimen111
\sf@capskip=\skip44
\sf@nearskip=\skip45
\c@subfigure=\count90
\c@subfigure@save=\count91
\c@lofdepth=\count92
\c@subtable=\count93
\c@subtable@save=\count94
\c@lotdepth=\count95
\sf@top=\skip46
\sf@bottom=\skip47
)
("C:\Program Files\MiKTeX 2.9\tex\latex\setspace\setspace.sty"
Package: setspace 2000/12/01 6.7 Contributed and Supported LaTeX2e package

Package: `setspace' 6.7 <2000/12/01>
) ("C:\Program Files\MiKTeX 2.9\tex\latex\wrapfig\wrapfig.sty"
\wrapoverhang=\dimen112
\WF@size=\dimen113
\c@WF@wrappedlines=\count96
\WF@box=\box26
\WF@everypar=\toks15
Package: wrapfig 2003/01/31  v 3.6
)
("C:\Program Files\MiKTeX 2.9\tex\latex\preprint\fullpage.sty"
Package: fullpage 1999/02/23 1.1 (PWD)
\FP@margin=\skip48
)
("C:\Program Files\MiKTeX 2.9\tex\latex\sidecap\sidecap.sty"
Package: sidecap 2003/06/06 v1.6f SideCap Package (RN/HjG)

("C:\Program Files\MiKTeX 2.9\tex\latex\base\ifthen.sty"
Package: ifthen 2001/05/26 v1.1c Standard LaTeX ifthen package (DPC)
)
\SC@BOXWD=\dimen114
\SC@CAPWD=\dimen115
\SC@tempdima=\dimen116
\SC@tempdimb=\dimen117
\c@SC@C=\count97
\SC@BOX=\box27
)
("C:\Users\Adrian\Documents\UCSD\PRIME\latex stuff\PRIMEPaper2011.aux")
LaTeX Font Info:    Checking defaults for OML/cmm/m/it on input line 22.
LaTeX Font Info:    ... okay on input line 22.
LaTeX Font Info:    Checking defaults for T1/cmr/m/n on input line 22.
LaTeX Font Info:    ... okay on input line 22.
LaTeX Font Info:    Checking defaults for OT1/cmr/m/n on input line 22.
LaTeX Font Info:    ... okay on input line 22.
LaTeX Font Info:    Checking defaults for OMS/cmsy/m/n on input line 22.
LaTeX Font Info:    ... okay on input line 22.
LaTeX Font Info:    Checking defaults for OMX/cmex/m/n on input line 22.
LaTeX Font Info:    ... okay on input line 22.
LaTeX Font Info:    Checking defaults for U/cmr/m/n on input line 22.
LaTeX Font Info:    ... okay on input line 22.

("C:\Program Files\MiKTeX 2.9\tex\context\base\supp-pdf.mkii"
[Loading MPS to PDF converter (version 2006.09.02).]
\scratchcounter=\count98
\scratchdimen=\dimen118
\scratchbox=\box28
\nofMPsegments=\count99
\nofMParguments=\count100
\everyMPshowfont=\toks16
\MPscratchCnt=\count101
\MPscratchDim=\dimen119
\MPnumerator=\count102
\makeMPintoPDFobject=\count103
\everyMPtoPDFconversion=\toks17
)
Package caption Info: Begin \AtBeginDocument code.
Package caption Info: subfig package 1.2 or 1.3 is loaded.
Package caption Info: sidecap package is loaded.
Package caption Info: wrapfig package is loaded.
Package caption Info: End \AtBeginDocument code.
 ("C:\Program Files\MiKTeX 2.9\tex\latex\ms\ragged2e.sty"
Package: ragged2e 2009/05/21 v2.1 ragged2e Package (MS)

("C:\Program Files\MiKTeX 2.9\tex\latex\ms\everysel.sty"
Package: everysel 2009/05/30 v1.1 EverySelectfont Package (MS)
LaTeX Info: Redefining \selectfont on input line 117.
)
\CenteringLeftskip=\skip49
\RaggedLeftLeftskip=\skip50
\RaggedRightLeftskip=\skip51
\CenteringRightskip=\skip52
\RaggedLeftRightskip=\skip53
\RaggedRightRightskip=\skip54
\CenteringParfillskip=\skip55
\RaggedLeftParfillskip=\skip56
\RaggedRightParfillskip=\skip57
\JustifyingParfillskip=\skip58
\CenteringParindent=\skip59
\RaggedLeftParindent=\skip60
\RaggedRightParindent=\skip61
\JustifyingParindent=\skip62
)
LaTeX Font Info:    External font `cmex10' loaded for size
(Font)              <14.4> on input line 23.
LaTeX Font Info:    External font `cmex10' loaded for size
(Font)              <7> on input line 23.

<compare/Eumenes.jpg, id=1, 337.26pt x 225.09094pt>
File: compare/Eumenes.jpg Graphic file (type jpg)
 <use compare/Eumenes.jpg>
Package pdftex.def Info: compare/Eumenes.jpg used on input line 40.
(pdftex.def)             Requested size: 113.24197pt x 75.5785pt.

<compare/Delta.jpg, id=2, 337.26pt x 225.09094pt>
File: compare/Delta.jpg Graphic file (type jpg)
 <use compare/Delta.jpg>
Package pdftex.def Info: compare/Delta.jpg used on input line 40.
(pdftex.def)             Requested size: 113.24197pt x 75.5785pt.

<compare/Anterhynchium.jpg, id=3, 337.26pt x 225.09094pt>
File: compare/Anterhynchium.jpg Graphic file (type jpg)

<use compare/Anterhynchium.jpg>
Package pdftex.def Info: compare/Anterhynchium.jpg used on input line 45.
(pdftex.def)             Requested size: 113.24197pt x 75.5785pt.

<compare/Orancistrocerus.jpg, id=4, 337.26pt x 225.09094pt>
File: compare/Orancistrocerus.jpg Graphic file (type jpg)

<use compare/Orancistrocerus.jpg>
Package pdftex.def Info: compare/Orancistrocerus.jpg used on input line 45.
(pdftex.def)             Requested size: 113.24197pt x 75.5785pt.

Overfull \hbox (27.41638pt too wide) in paragraph at lines 40--46
 [][][] 
 []

[1

{C:/ProgramData/MiKTeX/2.9/pdftex/config/pdftex.map}] [2 <C:/Users/Adrian/Docum
ents/UCSD/PRIME/latex stuff/compare/Eumenes.jpg> <C:/Users/Adrian/Documents/UCS
D/PRIME/latex stuff/compare/Delta.jpg> <C:/Users/Adrian/Documents/UCSD/PRIME/la
tex stuff/compare/Anterhynchium.jpg> <C:/Users/Adrian/Documents/UCSD/PRIME/late
x stuff/compare/Orancistrocerus.jpg>]
<working16/1.jpg, id=19, 770.88pt x 514.17094pt>
File: working16/1.jpg Graphic file (type jpg)
 <use working16/1.jpg>
Package pdftex.def Info: working16/1.jpg used on input line 72.
(pdftex.def)             Requested size: 56.62099pt x 37.7609pt.

<working16/2.jpg, id=20, 770.88pt x 514.17094pt>
File: working16/2.jpg Graphic file (type jpg)
 <use working16/2.jpg>
Package pdftex.def Info: working16/2.jpg used on input line 72.
(pdftex.def)             Requested size: 56.62099pt x 37.7609pt.

<working16/3.jpg, id=21, 770.88pt x 514.17094pt>
File: working16/3.jpg Graphic file (type jpg)
 <use working16/3.jpg>
Package pdftex.def Info: working16/3.jpg used on input line 72.
(pdftex.def)             Requested size: 56.62099pt x 37.7609pt.

<working16/4.jpg, id=22, 770.88pt x 514.17094pt>
File: working16/4.jpg Graphic file (type jpg)
 <use working16/4.jpg>
Package pdftex.def Info: working16/4.jpg used on input line 72.
(pdftex.def)             Requested size: 56.62099pt x 37.7609pt.

<working16/5.jpg, id=23, 770.88pt x 514.17094pt>
File: working16/5.jpg Graphic file (type jpg)
 <use working16/5.jpg>
Package pdftex.def Info: working16/5.jpg used on input line 72.
(pdftex.def)             Requested size: 56.62099pt x 37.7609pt.

<working16/6.jpg, id=24, 770.88pt x 514.17094pt>
File: working16/6.jpg Graphic file (type jpg)
 <use working16/6.jpg>
Package pdftex.def Info: working16/6.jpg used on input line 72.
(pdftex.def)             Requested size: 56.62099pt x 37.7609pt.

<working16/7.jpg, id=25, 770.88pt x 514.17094pt>
File: working16/7.jpg Graphic file (type jpg)
 <use working16/7.jpg>
Package pdftex.def Info: working16/7.jpg used on input line 72.
(pdftex.def)             Requested size: 56.62099pt x 37.7609pt.

<working16/8.jpg, id=26, 770.88pt x 514.17094pt>
File: working16/8.jpg Graphic file (type jpg)
 <use working16/8.jpg>
Package pdftex.def Info: working16/8.jpg used on input line 72.
(pdftex.def)             Requested size: 56.62099pt x 37.7609pt.

Overfull \hbox (35.24963pt too wide) in paragraph at lines 72--73
 [][] 
 []

<working16/9.jpg, id=27, 770.88pt x 514.17094pt>
File: working16/9.jpg Graphic file (type jpg)
 <use working16/9.jpg>
Package pdftex.def Info: working16/9.jpg used on input line 83.
(pdftex.def)             Requested size: 56.62099pt x 37.7609pt.

<working16/10.jpg, id=28, 770.88pt x 514.17094pt>
File: working16/10.jpg Graphic file (type jpg)
 <use working16/10.jpg>
Package pdftex.def Info: working16/10.jpg used on input line 83.
(pdftex.def)             Requested size: 56.62099pt x 37.7609pt.

<working16/11.jpg, id=29, 770.88pt x 514.17094pt>
File: working16/11.jpg Graphic file (type jpg)
 <use working16/11.jpg>
Package pdftex.def Info: working16/11.jpg used on input line 83.
(pdftex.def)             Requested size: 56.62099pt x 37.7609pt.

<working16/12.jpg, id=30, 770.88pt x 514.17094pt>
File: working16/12.jpg Graphic file (type jpg)
 <use working16/12.jpg>
Package pdftex.def Info: working16/12.jpg used on input line 83.
(pdftex.def)             Requested size: 56.62099pt x 37.7609pt.

<working16/13.jpg, id=31, 770.88pt x 514.17094pt>
File: working16/13.jpg Graphic file (type jpg)
 <use working16/13.jpg>
Package pdftex.def Info: working16/13.jpg used on input line 83.
(pdftex.def)             Requested size: 56.62099pt x 37.7609pt.

<working16/14.jpg, id=32, 770.88pt x 514.17094pt>
File: working16/14.jpg Graphic file (type jpg)
 <use working16/14.jpg>
Package pdftex.def Info: working16/14.jpg used on input line 83.
(pdftex.def)             Requested size: 56.62099pt x 37.7609pt.

<working16/15.jpg, id=33, 770.88pt x 514.17094pt>
File: working16/15.jpg Graphic file (type jpg)
 <use working16/15.jpg>
Package pdftex.def Info: working16/15.jpg used on input line 83.
(pdftex.def)             Requested size: 56.62099pt x 37.7609pt.

<working16/16.jpg, id=34, 770.88pt x 514.17094pt>
File: working16/16.jpg Graphic file (type jpg)
 <use working16/16.jpg>
Package pdftex.def Info: working16/16.jpg used on input line 83.
(pdftex.def)             Requested size: 56.62099pt x 37.7609pt.

Overfull \hbox (35.24963pt too wide) in paragraph at lines 83--84
 [][] 
 []

<nowings/wings.jpg, id=35, 244.52255pt x 164.1018pt>
File: nowings/wings.jpg Graphic file (type jpg)
 <use nowings/wings.jpg>
Package pdftex.def Info: nowings/wings.jpg used on input line 91.
(pdftex.def)             Requested size: 113.24197pt x 75.99855pt.

<nowings/nowings.jpg, id=36, 244.52255pt x 163.55843pt>
File: nowings/nowings.jpg Graphic file (type jpg)

<use nowings/nowings.jpg>
Package pdftex.def Info: nowings/nowings.jpg used on input line 93.
(pdftex.def)             Requested size: 113.24197pt x 75.7469pt.

Underfull \hbox (badness 10000) in paragraph at lines 91--94

 []

[3 <C:/Users/Adrian/Documents/UCSD/PRIME/latex stuff/working16/1.jpg> <C:/Users
/Adrian/Documents/UCSD/PRIME/latex stuff/working16/2.jpg> <C:/Users/Adrian/Docu
ments/UCSD/PRIME/latex stuff/working16/3.jpg> <C:/Users/Adrian/Documents/UCSD/P
RIME/latex stuff/working16/4.jpg> <C:/Users/Adrian/Documents/UCSD/PRIME/latex s
tuff/working16/5.jpg> <C:/Users/Adrian/Documents/UCSD/PRIME/latex stuff/working
16/6.jpg> <C:/Users/Adrian/Documents/UCSD/PRIME/latex stuff/working16/7.jpg> <C
:/Users/Adrian/Documents/UCSD/PRIME/latex stuff/working16/8.jpg> <C:/Users/Adri
an/Documents/UCSD/PRIME/latex stuff/working16/9.jpg> <C:/Users/Adrian/Documents
/UCSD/PRIME/latex stuff/working16/10.jpg> <C:/Users/Adrian/Documents/UCSD/PRIME
/latex stuff/working16/11.jpg> <C:/Users/Adrian/Documents/UCSD/PRIME/latex stuf
f/working16/12.jpg> <C:/Users/Adrian/Documents/UCSD/PRIME/latex stuff/working16
/13.jpg> <C:/Users/Adrian/Documents/UCSD/PRIME/latex stuff/working16/14.jpg> <C
:/Users/Adrian/Documents/UCSD/PRIME/latex stuff/working16/15.jpg> <C:/Users/Adr
ian/Documents/UCSD/PRIME/latex stuff/working16/16.jpg> <C:/Users/Adrian/Documen
ts/UCSD/PRIME/latex stuff/nowings/wings.jpg> <C:/Users/Adrian/Documents/UCSD/PR
IME/latex stuff/nowings/nowings.jpg>]
<cropROI/1.jpg, id=40, 160.12764pt x 107.69647pt>
File: cropROI/1.jpg Graphic file (type jpg)
 <use cropROI/1.jpg>
Package pdftex.def Info: cropROI/1.jpg used on input line 108.
(pdftex.def)             Requested size: 104.18068pt x 70.06924pt.

<cropROI/2.jpg, id=41, 160.83618pt x 107.69647pt>
File: cropROI/2.jpg Graphic file (type jpg)
 <use cropROI/2.jpg>
Package pdftex.def Info: cropROI/2.jpg used on input line 109.
(pdftex.def)             Requested size: 104.18068pt x 69.76193pt.

<cropROI/3.jpg, id=42, 160.12764pt x 107.69647pt>
File: cropROI/3.jpg Graphic file (type jpg)
 <use cropROI/3.jpg>
Package pdftex.def Info: cropROI/3.jpg used on input line 110.
(pdftex.def)             Requested size: 104.18068pt x 70.06924pt.

Underfull \hbox (badness 2213) in paragraph at lines 110--110
[]\OT1/cmr/bx/n/8 (c) |\OT1/cmr/m/n/8 Fit rect-an-gle around
 []

<cropROI/4.jpg, id=43, 168.63pt x 51.01411pt>
File: cropROI/4.jpg Graphic file (type jpg)
 <use cropROI/4.jpg>
Package pdftex.def Info: cropROI/4.jpg used on input line 111.
(pdftex.def)             Requested size: 104.18068pt x 31.51709pt.

Underfull \hbox (badness 10000) in paragraph at lines 111--111
[]\OT1/cmr/bx/n/8 (d) |\OT1/cmr/m/n/8 Crop im-age us-ing
 []

<hs/hs-ex.jpg, id=44, 562.1pt x 421.575pt>
File: hs/hs-ex.jpg Graphic file (type jpg)
 <use hs/hs-ex.jpg>
Package pdftex.def Info: hs/hs-ex.jpg used on input line 126.
(pdftex.def)             Requested size: 226.48395pt x 169.86208pt.

Underfull \hbox (badness 10000) in paragraph at lines 122--129
\OT1/cmr/m/n/12 age.
 []

[4 <C:/Users/Adrian/Documents/UCSD/PRIME/latex stuff/cropROI/1.jpg> <C:/Users/A
drian/Documents/UCSD/PRIME/latex stuff/cropROI/2.jpg> <C:/Users/Adrian/Document
s/UCSD/PRIME/latex stuff/cropROI/3.jpg> <C:/Users/Adrian/Documents/UCSD/PRIME/l
atex stuff/cropROI/4.jpg>] <hs/wind.jpg, id=48, 117.43875pt x 34.1275pt>
File: hs/wind.jpg Graphic file (type jpg)

<use hs/wind.jpg>
Package pdftex.def Info: hs/wind.jpg used on input line 133.
(pdftex.def)             Requested size: 113.24197pt x 32.9078pt.
 <hs/hog.jpg, id=49, 449.68pt x 300.12125pt>
File: hs/hog.jpg Graphic file (type jpg)
 <use hs/hog.jpg>
Package pdftex.def Info: hs/hog.jpg used on input line 141.
(pdftex.def)             Requested size: 113.24197pt x 75.57965pt.

[5 <C:/Users/Adrian/Documents/UCSD/PRIME/latex stuff/hs/hs-ex.jpg> <C:/Users/Ad
rian/Documents/UCSD/PRIME/latex stuff/hs/wind.jpg> <C:/Users/Adrian/Documents/U
CSD/PRIME/latex stuff/hs/hog.jpg>]
LaTeX Font Info:    External font `cmex10' loaded for size
(Font)              <12> on input line 156.
LaTeX Font Info:    External font `cmex10' loaded for size
(Font)              <8> on input line 156.
LaTeX Font Info:    External font `cmex10' loaded for size
(Font)              <6> on input line 156.
 [6]
<confmat/color.png, id=60, 340.03294pt x 185.3455pt>
File: confmat/color.png Graphic file (type png)
 <use confmat/color.png>
Package pdftex.def Info: confmat/color.png used on input line 172.
(pdftex.def)             Requested size: 217.42265pt x 118.51324pt.

<confmat/hog.png, id=61, 344.46942pt x 187.902pt>
File: confmat/hog.png Graphic file (type png)
 <use confmat/hog.png>
Package pdftex.def Info: confmat/hog.png used on input line 174.
(pdftex.def)             Requested size: 217.42265pt x 118.60538pt.

<confmat/both.png, id=62, 489.32813pt x 282.37454pt>
File: confmat/both.png Graphic file (type png)
 <use confmat/both.png>
Package pdftex.def Info: confmat/both.png used on input line 184.
(pdftex.def)             Requested size: 271.7835pt x 156.84036pt.

[7 <C:/Users/Adrian/Documents/UCSD/PRIME/latex stuff/confmat/color.png> <C:/Use
rs/Adrian/Documents/UCSD/PRIME/latex stuff/confmat/hog.png>] [8 <C:/Users/Adria
n/Documents/UCSD/PRIME/latex stuff/confmat/both.png>] [9]
("C:\Users\Adrian\Documents\UCSD\PRIME\latex stuff\PRIMEPaper2011.bbl")
[10] ("C:\Users\Adrian\Documents\UCSD\PRIME\latex stuff\PRIMEPaper2011.aux") ) 
Here is how much of TeX's memory you used:
 2804 strings out of 494049
 44006 string characters out of 3148480
 99778 words of memory out of 3000000
 6061 multiletter control sequences out of 15000+200000
 10241 words of font info for 36 fonts, out of 3000000 for 9000
 715 hyphenation exceptions out of 8191
 36i,9n,46p,809b,403s stack positions out of 5000i,500n,10000p,200000b,50000s
<
C:/Program Files/MiKTeX 2.9/fonts/type1/public/amsfonts/cm/cmbx10.pfb><C:/Progr
am Files/MiKTeX 2.9/fonts/type1/public/amsfonts/cm/cmbx12.pfb><C:/Program Files
/MiKTeX 2.9/fonts/type1/public/amsfonts/cm/cmbx8.pfb><C:/Program Files/MiKTeX 2
.9/fonts/type1/public/amsfonts/cm/cmmi12.pfb><C:/Program Files/MiKTeX 2.9/fonts
/type1/public/amsfonts/cm/cmmi8.pfb><C:/Program Files/MiKTeX 2.9/fonts/type1/pu
blic/amsfonts/cm/cmr10.pfb><C:/Program Files/MiKTeX 2.9/fonts/type1/public/amsf
onts/cm/cmr12.pfb><C:/Program Files/MiKTeX 2.9/fonts/type1/public/amsfonts/cm/c
mr17.pfb><C:/Program Files/MiKTeX 2.9/fonts/type1/public/amsfonts/cm/cmr8.pfb><
C:/Program Files/MiKTeX 2.9/fonts/type1/public/amsfonts/cm/cmsy10.pfb><C:/Progr
am Files/MiKTeX 2.9/fonts/type1/public/amsfonts/cm/cmti12.pfb><C:/Program Files
/MiKTeX 2.9/fonts/type1/public/amsfonts/cm/cmtt12.pfb>
Output written on PRIMEPaper2011.pdf (10 pages, 2731175 bytes).
PDF statistics:
 118 PDF objects out of 1000 (max. 8388607)
 0 named destinations out of 1000 (max. 500000)
 161 words of extra memory for PDF output out of 10000 (max. 10000000)

